🧠 Ultra-Minimal Training: 3 Q&A pairs only
📊 Data: 769 chars

✓ Vocab: 27 chars
✓ Model: 19,904 params (tiny!)

🚀 Training 300 epochs...
Epoch   1/300 | Loss: 0.977096
Epoch   2/300 | Loss: 0.209085
Epoch   3/300 | Loss: 0.027138
Epoch   4/300 | Loss: 0.005411
Epoch   5/300 | Loss: 0.004093
Epoch  30/300 | Loss: 0.002288
Epoch  60/300 | Loss: 0.001919
Epoch  90/300 | Loss: 0.001918
Epoch 120/300 | Loss: 0.001780
Epoch 150/300 | Loss: 0.001723
Epoch 180/300 | Loss: 0.001684
Epoch 210/300 | Loss: 0.001510
Epoch 240/300 | Loss: 0.001494
Epoch 270/300 | Loss: 0.001612
Epoch 300/300 | Loss: 0.001410

✓ Saved to models/ultra.pt

============================================================
🧪 Testing with greedy decoding (temp=0.1)...

Q: What is your name?
A: A: nuLM
Q: What is 5+5?
A: A: WA: What Wh5?
Traceback (most recent call last):
  File "/Users/joshua/Documents/Code/core/train_ultra.py", line 83, in <module>
    result = gen(t)
  File "/Users/joshua/Documents/Code/core/train_ultra.py", line 69, in gen
    logits = model(x)
  File "/Users/joshua/Documents/Code/core/venv/lib/python3.13/site-packages/torch/nn/modules/module.py", line 1776, in _wrapped_call_impl
    return self._call_impl(*args, **kwargs)
           ~~~~~~~~~~~~~~~^^^^^^^^^^^^^^^^^
  File "/Users/joshua/Documents/Code/core/venv/lib/python3.13/site-packages/torch/nn/modules/module.py", line 1787, in _call_impl
    return forward_call(*args, **kwargs)
  File "/Users/joshua/Documents/Code/core/src/transformer.py", line 83, in forward
    pos_emb = self.pos_embed(positions)
  File "/Users/joshua/Documents/Code/core/venv/lib/python3.13/site-packages/torch/nn/modules/module.py", line 1776, in _wrapped_call_impl
    return self._call_impl(*args, **kwargs)
           ~~~~~~~~~~~~~~~^^^^^^^^^^^^^^^^^
  File "/Users/joshua/Documents/Code/core/venv/lib/python3.13/site-packages/torch/nn/modules/module.py", line 1787, in _call_impl
    return forward_call(*args, **kwargs)
  File "/Users/joshua/Documents/Code/core/venv/lib/python3.13/site-packages/torch/nn/modules/sparse.py", line 191, in forward
    return F.embedding(
           ~~~~~~~~~~~^
        input,
        ^^^^^^
    ...<5 lines>...
        self.sparse,
        ^^^^^^^^^^^^
    )
    ^
  File "/Users/joshua/Documents/Code/core/venv/lib/python3.13/site-packages/torch/nn/functional.py", line 2567, in embedding
    return torch.embedding(weight, input, padding_idx, scale_grad_by_freq, sparse)
           ~~~~~~~~~~~~~~~^^^^^^^^^^^^^^^^^^^^^^^^^^^^^^^^^^^^^^^^^^^^^^^^^^^^^^^^
IndexError: index out of range in self
