🧠 Ultra-Minimal Training: 3 Q&A pairs only
📊 Data: 809 chars

✓ Vocab: 29 chars
✓ Model: 20,032 params (tiny!)

🚀 Training 300 epochs...
Epoch   1/300 | Loss: 0.998332
Epoch   2/300 | Loss: 0.182800
Epoch   3/300 | Loss: 0.040223
Epoch   4/300 | Loss: 0.020555
Epoch   5/300 | Loss: 0.004321
Epoch  30/300 | Loss: 0.001646
Epoch  60/300 | Loss: 0.001792
Epoch  90/300 | Loss: 0.001595
Epoch 120/300 | Loss: 0.001444
Epoch 150/300 | Loss: 0.001415
Epoch 180/300 | Loss: 0.001306
Epoch 210/300 | Loss: 0.001427
Epoch 240/300 | Loss: 0.001574
Epoch 270/300 | Loss: 0.001367
Epoch 300/300 | Loss: 0.001354

✓ Saved to models/ultra.pt

============================================================
🧪 Testing with greedy decoding (temp=0.1)...

Traceback (most recent call last):
  File "/Users/joshua/Documents/Code/core/train_ultra.py", line 83, in <module>
    result = gen(t)
  File "/Users/joshua/Documents/Code/core/train_ultra.py", line 69, in gen
    logits = model(x)
  File "/Users/joshua/Library/Python/3.9/lib/python/site-packages/torch/nn/modules/module.py", line 1773, in _wrapped_call_impl
    return self._call_impl(*args, **kwargs)
  File "/Users/joshua/Library/Python/3.9/lib/python/site-packages/torch/nn/modules/module.py", line 1784, in _call_impl
    return forward_call(*args, **kwargs)
  File "/Users/joshua/Documents/Code/core/src/transformer.py", line 83, in forward
    pos_emb = self.pos_embed(positions)
  File "/Users/joshua/Library/Python/3.9/lib/python/site-packages/torch/nn/modules/module.py", line 1773, in _wrapped_call_impl
    return self._call_impl(*args, **kwargs)
  File "/Users/joshua/Library/Python/3.9/lib/python/site-packages/torch/nn/modules/module.py", line 1784, in _call_impl
    return forward_call(*args, **kwargs)
  File "/Users/joshua/Library/Python/3.9/lib/python/site-packages/torch/nn/modules/sparse.py", line 192, in forward
    return F.embedding(
  File "/Users/joshua/Library/Python/3.9/lib/python/site-packages/torch/nn/functional.py", line 2546, in embedding
    return torch.embedding(weight, input, padding_idx, scale_grad_by_freq, sparse)
IndexError: index out of range in self
