Training Debug Version
Data: 1610 chars
Vocab: 38
Model params: 76032

Starting training...

Epoch 10/100 - Loss: 0.0204
Epoch 20/100 - Loss: 0.0051
  Saved checkpoint_25.pt
Epoch 30/100 - Loss: 0.0507
Epoch 40/100 - Loss: 0.0533
Epoch 50/100 - Loss: 0.0839
  Saved checkpoint_50.pt
Epoch 60/100 - Loss: 0.0969
Epoch 70/100 - Loss: 0.1317
  Saved checkpoint_75.pt
Epoch 80/100 - Loss: 0.0635
Epoch 90/100 - Loss: 0.1062
Epoch 100/100 - Loss: 0.1325
  Saved checkpoint_100.pt

Saving final model...
✓ Training complete!

Testing...
Test: '2+2 equals'
Output: 2+2 equalsuuuala2q+q
