 * Tip: There are .env files present. Install python-dotenv to use them.
✓ Model loaded from models/ultra.pt
✓ Vocab size: 29 characters

🚀 nuLLM Web UI starting...
   Visit: http://localhost:5001

 * Serving Flask app 'web_ui'
 * Debug mode: on
[31m[1mWARNING: This is a development server. Do not use it in a production deployment. Use a production WSGI server instead.[0m
 * Running on http://127.0.0.1:5001
[33mPress CTRL+C to quit[0m
 * Restarting with stat
 * Tip: There are .env files present. Install python-dotenv to use them.
 * Debugger is active!
 * Debugger PIN: 256-892-874
127.0.0.1 - - [15/Feb/2026 02:58:58] "GET / HTTP/1.1" 200 -
 * Detected change in '/Users/joshua/Documents/Code/core/train_interesting.py', reloading
✓ Model loaded from models/ultra.pt
✓ Vocab size: 29 characters

🚀 nuLLM Web UI starting...
   Visit: http://localhost:5001

 * Restarting with stat
 * Tip: There are .env files present. Install python-dotenv to use them.
 * Debugger is active!
 * Debugger PIN: 256-892-874
 * Detected change in '/Users/joshua/Documents/Code/core/train_interesting.py', reloading
✓ Model loaded from models/ultra.pt
✓ Vocab size: 29 characters

🚀 nuLLM Web UI starting...
   Visit: http://localhost:5001

 * Restarting with stat
 * Tip: There are .env files present. Install python-dotenv to use them.
 * Debugger is active!
 * Debugger PIN: 256-892-874
 * Detected change in '/Users/joshua/Documents/Code/core/train_interesting.py', reloading
✓ Model loaded from models/ultra.pt
✓ Vocab size: 29 characters

🚀 nuLLM Web UI starting...
   Visit: http://localhost:5001

 * Restarting with stat
 * Tip: There are .env files present. Install python-dotenv to use them.
 * Debugger is active!
 * Debugger PIN: 256-892-874
 * Detected change in '/Users/joshua/Documents/Code/core/train_interesting.py', reloading
✓ Model loaded from models/ultra.pt
✓ Vocab size: 29 characters

🚀 nuLLM Web UI starting...
   Visit: http://localhost:5001

 * Restarting with stat
 * Tip: There are .env files present. Install python-dotenv to use them.
 * Debugger is active!
 * Debugger PIN: 256-892-874
 * Detected change in '/Users/joshua/Documents/Code/core/train_interesting.py', reloading
✓ Model loaded from models/ultra.pt
✓ Vocab size: 29 characters

🚀 nuLLM Web UI starting...
   Visit: http://localhost:5001

 * Restarting with stat
 * Tip: There are .env files present. Install python-dotenv to use them.
 * Debugger is active!
 * Debugger PIN: 256-892-874
 * Detected change in '/Users/joshua/Documents/Code/core/train_interesting.py', reloading
✓ Model loaded from models/ultra.pt
✓ Vocab size: 29 characters

🚀 nuLLM Web UI starting...
   Visit: http://localhost:5001

 * Restarting with stat
 * Tip: There are .env files present. Install python-dotenv to use them.
 * Debugger is active!
 * Debugger PIN: 256-892-874
 * Detected change in '/Users/joshua/Documents/Code/core/train_interesting.py', reloading
✓ Model loaded from models/ultra.pt
✓ Vocab size: 29 characters

🚀 nuLLM Web UI starting...
   Visit: http://localhost:5001

 * Restarting with stat
 * Tip: There are .env files present. Install python-dotenv to use them.
 * Debugger is active!
 * Debugger PIN: 256-892-874
 * Detected change in '/Users/joshua/Documents/Code/core/train_interesting.py', reloading
✓ Model loaded from models/ultra.pt
✓ Vocab size: 29 characters

🚀 nuLLM Web UI starting...
   Visit: http://localhost:5001

 * Restarting with stat
 * Tip: There are .env files present. Install python-dotenv to use them.
 * Debugger is active!
 * Debugger PIN: 256-892-874
 * Detected change in '/Users/joshua/Documents/Code/core/train_interesting.py', reloading
✓ Model loaded from models/ultra.pt
✓ Vocab size: 29 characters

🚀 nuLLM Web UI starting...
   Visit: http://localhost:5001

 * Restarting with stat
 * Tip: There are .env files present. Install python-dotenv to use them.
 * Debugger is active!
 * Debugger PIN: 256-892-874
 * Detected change in '/Users/joshua/Documents/Code/core/train_interesting.py', reloading
✓ Model loaded from models/ultra.pt
✓ Vocab size: 29 characters

🚀 nuLLM Web UI starting...
   Visit: http://localhost:5001

 * Restarting with stat
 * Tip: There are .env files present. Install python-dotenv to use them.
 * Debugger is active!
 * Debugger PIN: 256-892-874
127.0.0.1 - - [15/Feb/2026 14:05:43] "GET / HTTP/1.1" 200 -
✓ Model loaded from models/ultra.pt
✓ Vocab size: 29 characters

🚀 nuLLM Web UI starting...
   Visit: http://localhost:5001

Traceback (most recent call last):
  File "/Users/joshua/Documents/Code/core/web_ui.py", line 116, in <module>
    app.run(debug=True, port=5001)
    ~~~~~~~^^^^^^^^^^^^^^^^^^^^^^^
  File "/Users/joshua/Documents/Code/core/venv/lib/python3.13/site-packages/flask/app.py", line 662, in run
  File "/Users/joshua/Documents/Code/core/venv/lib/python3.13/site-packages/werkzeug/serving.py", line 1115, in run_simple
  File "/Users/joshua/Documents/Code/core/venv/lib/python3.13/site-packages/werkzeug/_reloader.py", line 461, in run_with_reloader
  File "/Users/joshua/Documents/Code/core/venv/lib/python3.13/site-packages/werkzeug/_reloader.py", line 257, in run
  File "/Users/joshua/Documents/Code/core/venv/lib/python3.13/site-packages/werkzeug/_reloader.py", line 297, in run_step
  File "/Users/joshua/Documents/Code/core/venv/lib/python3.13/site-packages/werkzeug/_reloader.py", line 82, in _find_stat_paths
  File "<frozen posixpath>", line 381, in abspath
PermissionError: [Errno 1] Operation not permitted
